生成启动时间为 2015/9/5 23:02:09。
     1>项目“E:\桌面\StructuredLight\Workspace\structuredLight\structuredLight\structuredLight.vcxproj”在节点 2 上(Build 个目标)。
     1>ClCompile:
         D:\Program Files (x86)\VS2013\VC\bin\CL.exe /c /Iinclude\EDSDK /ZI /nologo /W3 /WX- /sdl /Od /Oy- /D WIN32 /D _DEBUG /D _CONSOLE /D _LIB /D _CRT_SECURE_NO_DEPRECATE /D _UNICODE /D UNICODE /Gm /EHsc /RTC1 /MDd /GS /fp:precise /Zc:wchar_t /Zc:forScope /Fo"Debug\\" /Fd"Debug\vc120.pdb" /Gd /TP /analyze- /errorReport:prompt camera.cpp
         camera.cpp
     1>e:\桌面\structuredlight\workspace\structuredlight\structuredlight\camera.cpp(231): warning C4805: “==”: 在操作中将类型“EdsError”与类型“bool”混合不安全
     1>e:\桌面\structuredlight\workspace\structuredlight\structuredlight\camera.cpp(238): warning C4805: “==”: 在操作中将类型“EdsError”与类型“bool”混合不安全
     1>e:\桌面\structuredlight\workspace\structuredlight\structuredlight\camera.cpp(245): warning C4805: “==”: 在操作中将类型“EdsError”与类型“bool”混合不安全
     1>e:\桌面\structuredlight\workspace\structuredlight\structuredlight\camera.cpp(261): warning C4805: “==”: 在操作中将类型“EdsError”与类型“bool”混合不安全
     1>e:\桌面\structuredlight\workspace\structuredlight\structuredlight\camera.cpp(268): warning C4805: “==”: 在操作中将类型“EdsError”与类型“bool”混合不安全
     1>e:\桌面\structuredlight\workspace\structuredlight\structuredlight\camera.cpp(275): warning C4805: “==”: 在操作中将类型“EdsError”与类型“bool”混合不安全
     1>e:\桌面\structuredlight\workspace\structuredlight\structuredlight\camera.cpp(282): warning C4805: “==”: 在操作中将类型“EdsError”与类型“bool”混合不安全
     1>e:\桌面\structuredlight\workspace\structuredlight\structuredlight\camera.cpp(289): warning C4805: “==”: 在操作中将类型“EdsError”与类型“bool”混合不安全
     1>e:\桌面\structuredlight\workspace\structuredlight\structuredlight\camera.cpp(296): warning C4805: “==”: 在操作中将类型“EdsError”与类型“bool”混合不安全
     1>e:\桌面\structuredlight\workspace\structuredlight\structuredlight\camera.cpp(303): warning C4805: “==”: 在操作中将类型“EdsError”与类型“bool”混合不安全
       Link:
         D:\Program Files (x86)\VS2013\VC\bin\link.exe /ERRORREPORT:PROMPT /OUT:"E:\桌面\StructuredLight\Workspace\structuredLight\Debug\structuredlight.exe" /INCREMENTAL /NOLOGO /LIBPATH:"D:\Program Files\opencv\build\x86\vc12\lib" /LIBPATH:lib opencv_ml249d.lib opencv_calib3d249d.lib opencv_contrib249d.lib opencv_core249d.lib opencv_features2d249d.lib opencv_flann249d.lib opencv_gpu249d.lib opencv_highgui249d.lib opencv_imgproc249d.lib opencv_legacy249d.lib opencv_objdetect249d.lib opencv_ts249d.lib opencv_video249d.lib opencv_nonfree249d.lib opencv_ocl249d.lib opencv_photo249d.lib opencv_stitching249d.lib opencv_superres249d.lib opencv_videostab249d.lib opencv_objdetect249.lib opencv_ts249.lib opencv_video249.lib opencv_nonfree249.lib opencv_ocl249.lib opencv_photo249.lib opencv_stitching249.lib opencv_superres249.lib opencv_videostab249.lib opencv_calib3d249.lib opencv_contrib249.lib opencv_core249.lib opencv_features2d249.lib opencv_flann249.lib opencv_gpu249.lib opencv_highgui249.lib opencv_imgproc249.lib opencv_legacy249.lib opencv_ml249.lib MVCAMSDK.lib uEye_api.lib hidapi.lib EDSDK.lib kernel32.lib user32.lib gdi32.lib winspool.lib comdlg32.lib advapi32.lib shell32.lib ole32.lib oleaut32.lib uuid.lib odbc32.lib odbccp32.lib /MANIFEST /MANIFESTUAC:"level='asInvoker' uiAccess='false'" /manifest:embed /DEBUG /PDB:"E:\桌面\StructuredLight\Workspace\structuredLight\Debug\structuredlight.pdb" /SUBSYSTEM:CONSOLE /TLBID:1 /DYNAMICBASE /NXCOMPAT /IMPLIB:"E:\桌面\StructuredLight\Workspace\structuredLight\Debug\structuredlight.lib" /MACHINE:X86 Debug\camera.obj
         Debug\calibration.obj
         Debug\DLP4500_API.obj
         Debug\phaseshift.obj
         Debug\projector.obj
         Debug\scan.obj
         Debug\main.obj
         Debug\structuredlight.obj
         Debug\usb.obj
         structuredLight.vcxproj -> E:\桌面\StructuredLight\Workspace\structuredLight\Debug\structuredlight.exe
     1>已完成生成项目“E:\桌面\StructuredLight\Workspace\structuredLight\structuredLight\structuredLight.vcxproj”(Build 个目标)的操作。

生成成功。

已用时间 00:00:01.73
