e:\桌面\structured light\workspace\structuredlight\structuredlight\debug\vc120.pdb
e:\桌面\structured light\workspace\structuredlight\structuredlight\debug\vc120.idb
e:\桌面\structured light\workspace\structuredlight\structuredlight\debug\camera.obj
e:\桌面\structured light\workspace\structuredlight\structuredlight\debug\calibration.obj
e:\桌面\structured light\workspace\structuredlight\structuredlight\debug\dlp4500_api.obj
e:\桌面\structured light\workspace\structuredlight\structuredlight\debug\phaseshift.obj
e:\桌面\structured light\workspace\structuredlight\structuredlight\debug\projector.obj
e:\桌面\structured light\workspace\structuredlight\structuredlight\debug\scan.obj
e:\桌面\structured light\workspace\structuredlight\structuredlight\debug\main.obj
e:\桌面\structured light\workspace\structuredlight\structuredlight\debug\structuredlight.obj
e:\桌面\structured light\workspace\structuredlight\structuredlight\debug\usb.obj
e:\桌面\structuredlight\workspace\structuredlight\structuredlight\debug\vc120.pdb
e:\桌面\structuredlight\workspace\structuredlight\structuredlight\debug\vc120.idb
e:\桌面\structuredlight\workspace\structuredlight\structuredlight\debug\calibration.obj
e:\桌面\structuredlight\workspace\structuredlight\structuredlight\debug\dlp4500_api.obj
e:\桌面\structuredlight\workspace\structuredlight\structuredlight\debug\phaseshift.obj
e:\桌面\structuredlight\workspace\structuredlight\structuredlight\debug\projector.obj
e:\桌面\structuredlight\workspace\structuredlight\structuredlight\debug\scan.obj
e:\桌面\structuredlight\workspace\structuredlight\structuredlight\debug\main.obj
e:\桌面\structuredlight\workspace\structuredlight\structuredlight\debug\structuredlight.obj
e:\桌面\structuredlight\workspace\structuredlight\structuredlight\debug\usb.obj
e:\桌面\structuredlight\workspace\structuredlight\structuredlight\debug\camera.obj
e:\桌面\structured light\workspace\structuredlight\debug\structuredlight.ilk
e:\桌面\structured light\workspace\structuredlight\debug\structuredlight.exe
e:\桌面\structured light\workspace\structuredlight\debug\structuredlight.pdb
e:\桌面\structuredlight\workspace\structuredlight\debug\structuredlight.pdb
e:\桌面\structuredlight\workspace\structuredlight\structuredlight\debug\structuredlight.tlog\cl.command.1.tlog
e:\桌面\structuredlight\workspace\structuredlight\structuredlight\debug\structuredlight.tlog\cl.read.1.tlog
e:\桌面\structuredlight\workspace\structuredlight\structuredlight\debug\structuredlight.tlog\cl.write.1.tlog
e:\桌面\structuredlight\workspace\structuredlight\structuredlight\debug\structuredlight.tlog\link-cvtres.read.1.tlog
e:\桌面\structuredlight\workspace\structuredlight\structuredlight\debug\structuredlight.tlog\link-cvtres.write.1.tlog
e:\桌面\structuredlight\workspace\structuredlight\structuredlight\debug\structuredlight.tlog\link-rc.read.1.tlog
e:\桌面\structuredlight\workspace\structuredlight\structuredlight\debug\structuredlight.tlog\link-rc.write.1.tlog
e:\桌面\structuredlight\workspace\structuredlight\structuredlight\debug\structuredlight.tlog\link.command.1.tlog
e:\桌面\structuredlight\workspace\structuredlight\structuredlight\debug\structuredlight.tlog\link.read.1.tlog
e:\桌面\structuredlight\workspace\structuredlight\structuredlight\debug\structuredlight.tlog\link.write.1.tlog
